Using pre-set license
Built from '2020.2/release' branch; Version is '2020.2.4f1 (becced5a802b) revision 12504301'; Using compiler version '192528614'; Build Type 'Release'
OS: 'Windows 10 Home; OS build 18363.1316; Version 1909; 64bit' Language: 'en' Physical Memory: 62313 MB
BatchMode: 1, IsHumanControllingUs: 0, StartBugReporterOnCrash: 0, Is64bit: 1, IsPro: 0

 COMMAND LINE ARGUMENTS:
C:\Program Files\Unity\Editor\2020.2.4f1\Editor\Unity.exe
-adb2
-batchMode
-noUpm
-name
AssetImportWorker0
-projectPath
D:/Users/Chase Sparks/Documents/GitHub/Capture-the-Flag/Vs. Bot
-logFile
Logs/AssetImportWorker0.log
-srvPort
53651
Successfully changed project path to: D:/Users/Chase Sparks/Documents/GitHub/Capture-the-Flag/Vs. Bot
D:/Users/Chase Sparks/Documents/GitHub/Capture-the-Flag/Vs. Bot
Using Asset Import Pipeline V2.
Refreshing native plugins compatible for Editor in 111.47 ms, found 0 plugins.
Preloading 0 native plugins for Editor in 0.00 ms.
Initialize engine version: 2020.2.4f1 (becced5a802b)
[Subsystems] Discovering subsystems at path C:/Program Files/Unity/Editor/2020.2.4f1/Editor/Data/Resources/UnitySubsystems
[Subsystems] Discovering subsystems at path D:/Users/Chase Sparks/Documents/GitHub/Capture-the-Flag/Vs. Bot/Assets
GfxDevice: creating device client; threaded=0
Direct3D:
    Version:  Direct3D 11.0 [level 11.1]
    Renderer: NVIDIA GeForce GTX 980M (ID=0x13d7)
    Vendor:   
    VRAM:     8153 MB
    Driver:   22.21.13.8205
Initialize mono
Mono path[0] = 'C:/Program Files/Unity/Editor/2020.2.4f1/Editor/Data/Managed'
Mono path[1] = 'C:/Program Files/Unity/Editor/2020.2.4f1/Editor/Data/MonoBleedingEdge/lib/mono/unityjit'
Mono config path = 'C:/Program Files/Unity/Editor/2020.2.4f1/Editor/Data/MonoBleedingEdge/etc'
Using monoOptions --debugger-agent=transport=dt_socket,embedding=1,server=y,suspend=n,address=127.0.0.1:56296
Begin MonoManager ReloadAssembly
Registering precompiled unity dll's ...
Register platform support module: C:/Program Files/Unity/Editor/2020.2.4f1/Editor/Data/PlaybackEngines/WindowsStandaloneSupport/UnityEditor.WindowsStandalone.Extensions.dll
Registered in 0.006983 seconds.
Native extension for WindowsStandalone target not found
Refreshing native plugins compatible for Editor in 96.08 ms, found 0 plugins.
Preloading 0 native plugins for Editor in 0.00 ms.
Invoked RoslynAnalysisRunner static constructor.
RoslynAnalysisRunner will not be running.
RoslynAnalysisRunner has terminated.
Mono: successfully reloaded assembly
- Completed reload, in  2.755 seconds
Platform modules already initialized, skipping
Registering precompiled user dll's ...
Registered in 0.010034 seconds.
Begin MonoManager ReloadAssembly
Native extension for WindowsStandalone target not found
Refreshing native plugins compatible for Editor in 0.90 ms, found 0 plugins.
Preloading 0 native plugins for Editor in 0.00 ms.
Invoked RoslynAnalysisRunner static constructor.
RoslynAnalysisRunner will not be running.
RoslynAnalysisRunner has terminated.
Mono: successfully reloaded assembly
- Completed reload, in  2.568 seconds
Platform modules already initialized, skipping
========================================================================
Worker process is ready to serve import requests
Launched and connected shader compiler UnityShaderCompiler.exe after 0.13 seconds
Refreshing native plugins compatible for Editor in 1.45 ms, found 0 plugins.
Preloading 0 native plugins for Editor in 0.00 ms.
Unloading 1593 Unused Serialized files (Serialized files now loaded: 0)
System memory in use before: 90.9 MB.
System memory in use after: 91.0 MB.

Unloading 37 unused Assets to reduce memory usage. Loaded Objects now: 2047.
Total: 7.368500 ms (FindLiveObjects: 0.878500 ms CreateObjectMapping: 0.210000 ms MarkObjects: 6.019100 ms  DeleteObjects: 0.257700 ms)

========================================================================
Received Import Request.
  path: Assets/Character 1.prefab
  artifactKey: Guid(819c3fe1efd978e42bffd864180cfa86) Importer(815301076,1909f56bfc062723c751e8b465ee728b)
Start importing Assets/Character 1.prefab using Guid(819c3fe1efd978e42bffd864180cfa86) Importer(815301076,1909f56bfc062723c751e8b465ee728b) Asset 'CharacterAnimator': Transition 'Movement -> Bored' in state 'Movement' doesn't have an Exit Time or any condition, transition will be ignored
UnityEngine.StackTraceUtility:ExtractStackTrace ()
UnityEditor.EditorUtility:Internal_InstantiateRemoveAllNonAnimationComponentsSingle (UnityEngine.Object,UnityEngine.Vector3,UnityEngine.Quaternion)
UnityEditor.EditorUtility:InstantiateRemoveAllNonAnimationComponents (UnityEngine.Object,UnityEngine.Vector3,UnityEngine.Quaternion)
UnityEditor.EditorUtility:InstantiateForAnimatorPreview (UnityEngine.Object)
UnityEditor.GameObjectInspector/PreviewData:UpdateGameObject (UnityEngine.Object)
UnityEditor.GameObjectInspector/PreviewData:.ctor (UnityEngine.Object)
UnityEditor.GameObjectInspector:GetPreviewData ()
UnityEditor.GameObjectInspector:RenderStaticPreview (string,UnityEngine.Object[],int,int)
UnityEditor.AssetPreviewUpdater:CreatePreviewForAsset (UnityEngine.Object,UnityEngine.Object[],string)

[C:\buildslave\unity\build\Editor/Src/Animation/StateMachine.cpp line 1847]

Asset 'CharacterAnimator': Transition 'Movement -> Bye' in state 'Movement' doesn't have an Exit Time or any condition, transition will be ignored
UnityEngine.StackTraceUtility:ExtractStackTrace ()
UnityEditor.EditorUtility:Internal_InstantiateRemoveAllNonAnimationComponentsSingle (UnityEngine.Object,UnityEngine.Vector3,UnityEngine.Quaternion)
UnityEditor.EditorUtility:InstantiateRemoveAllNonAnimationComponents (UnityEngine.Object,UnityEngine.Vector3,UnityEngine.Quaternion)
UnityEditor.EditorUtility:InstantiateForAnimatorPreview (UnityEngine.Object)
UnityEditor.GameObjectInspector/PreviewData:UpdateGameObject (UnityEngine.Object)
UnityEditor.GameObjectInspector/PreviewData:.ctor (UnityEngine.Object)
UnityEditor.GameObjectInspector:GetPreviewData ()
UnityEditor.GameObjectInspector:RenderStaticPreview (string,UnityEngine.Object[],int,int)
UnityEditor.AssetPreviewUpdater:CreatePreviewForAsset (UnityEngine.Object,UnityEngine.Object[],string)

[C:\buildslave\unity\build\Editor/Src/Animation/StateMachine.cpp line 1847]

Asset 'CharacterAnimator': Transition 'Movement -> Cheer' in state 'Movement' doesn't have an Exit Time or any condition, transition will be ignored
UnityEngine.StackTraceUtility:ExtractStackTrace ()
UnityEditor.EditorUtility:Internal_InstantiateRemoveAllNonAnimationComponentsSingle (UnityEngine.Object,UnityEngine.Vector3,UnityEngine.Quaternion)
UnityEditor.EditorUtility:InstantiateRemoveAllNonAnimationComponents (UnityEngine.Object,UnityEngine.Vector3,UnityEngine.Quaternion)
UnityEditor.EditorUtility:InstantiateForAnimatorPreview (UnityEngine.Object)
UnityEditor.GameObjectInspector/PreviewData:UpdateGameObject (UnityEngine.Object)
UnityEditor.GameObjectInspector/PreviewData:.ctor (UnityEngine.Object)
UnityEditor.GameObjectInspector:GetPreviewData ()
UnityEditor.GameObjectInspector:RenderStaticPreview (string,UnityEngine.Object[],int,int)
UnityEditor.AssetPreviewUpdater:CreatePreviewForAsset (UnityEngine.Object,UnityEngine.Object[],string)

[C:\buildslave\unity\build\Editor/Src/Animation/StateMachine.cpp line 1847]

Asset 'CharacterAnimator': Transition 'Movement -> Cry' in state 'Movement' doesn't have an Exit Time or any condition, transition will be ignored
UnityEngine.StackTraceUtility:ExtractStackTrace ()
UnityEditor.EditorUtility:Internal_InstantiateRemoveAllNonAnimationComponentsSingle (UnityEngine.Object,UnityEngine.Vector3,UnityEngine.Quaternion)
UnityEditor.EditorUtility:InstantiateRemoveAllNonAnimationComponents (UnityEngine.Object,UnityEngine.Vector3,UnityEngine.Quaternion)
UnityEditor.EditorUtility:InstantiateForAnimatorPreview (UnityEngine.Object)
UnityEditor.GameObjectInspector/PreviewData:UpdateGameObject (UnityEngine.Object)
UnityEditor.GameObjectInspector/PreviewData:.ctor (UnityEngine.Object)
UnityEditor.GameObjectInspector:GetPreviewData ()
UnityEditor.GameObjectInspector:RenderStaticPreview (string,UnityEngine.Object[],int,int)
UnityEditor.AssetPreviewUpdater:CreatePreviewForAsset (UnityEngine.Object,UnityEngine.Object[],string)

[C:\buildslave\unity\build\Editor/Src/Animation/StateMachine.cpp line 1847]

Asset 'CharacterAnimator': Transition 'Movement -> Greet' in state 'Movement' doesn't have an Exit Time or any condition, transition will be ignored
UnityEngine.StackTraceUtility:ExtractStackTrace ()
UnityEditor.EditorUtility:Internal_InstantiateRemoveAllNonAnimationComponentsSingle (UnityEngine.Object,UnityEngine.Vector3,UnityEngine.Quaternion)
UnityEditor.EditorUtility:InstantiateRemoveAllNonAnimationComponents (UnityEngine.Object,UnityEngine.Vector3,UnityEngine.Quaternion)
UnityEditor.EditorUtility:InstantiateForAnimatorPreview (UnityEngine.Object)
UnityEditor.GameObjectInspector/PreviewData:UpdateGameObject (UnityEngine.Object)
UnityEditor.GameObjectInspector/PreviewData:.ctor (UnityEngine.Object)
UnityEditor.GameObjectInspector:GetPreviewData ()
UnityEditor.GameObjectInspector:RenderStaticPreview (string,UnityEngine.Object[],int,int)
UnityEditor.AssetPreviewUpdater:CreatePreviewForAsset (UnityEngine.Object,UnityEngine.Object[],string)

[C:\buildslave\unity\build\Editor/Src/Animation/StateMachine.cpp line 1847]

Asset 'CharacterAnimator': Transition 'Movement -> Point' in state 'Movement' doesn't have an Exit Time or any condition, transition will be ignored
UnityEngine.StackTraceUtility:ExtractStackTrace ()
UnityEditor.EditorUtility:Internal_InstantiateRemoveAllNonAnimationComponentsSingle (UnityEngine.Object,UnityEngine.Vector3,UnityEngine.Quaternion)
UnityEditor.EditorUtility:InstantiateRemoveAllNonAnimationComponents (UnityEngine.Object,UnityEngine.Vector3,UnityEngine.Quaternion)
UnityEditor.EditorUtility:InstantiateForAnimatorPreview (UnityEngine.Object)
UnityEditor.GameObjectInspector/PreviewData:UpdateGameObject (UnityEngine.Object)
UnityEditor.GameObjectInspector/PreviewData:.ctor (UnityEngine.Object)
UnityEditor.GameObjectInspector:GetPreviewData ()
UnityEditor.GameObjectInspector:RenderStaticPreview (string,UnityEngine.Object[],int,int)
UnityEditor.AssetPreviewUpdater:CreatePreviewForAsset (UnityEngine.Object,UnityEngine.Object[],string)

[C:\buildslave\unity\build\Editor/Src/Animation/StateMachine.cpp line 1847]

Asset 'CharacterAnimator': Transition 'Movement -> Shrug' in state 'Movement' doesn't have an Exit Time or any condition, transition will be ignored
UnityEngine.StackTraceUtility:ExtractStackTrace ()
UnityEditor.EditorUtility:Internal_InstantiateRemoveAllNonAnimationComponentsSingle (UnityEngine.Object,UnityEngine.Vector3,UnityEngine.Quaternion)
UnityEditor.EditorUtility:InstantiateRemoveAllNonAnimationComponents (UnityEngine.Object,UnityEngine.Vector3,UnityEngine.Quaternion)
UnityEditor.EditorUtility:InstantiateForAnimatorPreview (UnityEngine.Object)
UnityEditor.GameObjectInspector/PreviewData:UpdateGameObject (UnityEngine.Object)
UnityEditor.GameObjectInspector/PreviewData:.ctor (UnityEngine.Object)
UnityEditor.GameObjectInspector:GetPreviewData ()
UnityEditor.GameObjectInspector:RenderStaticPreview (string,UnityEngine.Object[],int,int)
UnityEditor.AssetPreviewUpdater:CreatePreviewForAsset (UnityEngine.Object,UnityEngine.Object[],string)

[C:\buildslave\unity\build\Editor/Src/Animation/StateMachine.cpp line 1847]

Asset 'CharacterAnimator': Transition 'Movement -> Sigh' in state 'Movement' doesn't have an Exit Time or any condition, transition will be ignored
UnityEngine.StackTraceUtility:ExtractStackTrace ()
UnityEditor.EditorUtility:Internal_InstantiateRemoveAllNonAnimationComponentsSingle (UnityEngine.Object,UnityEngine.Vector3,UnityEngine.Quaternion)
UnityEditor.EditorUtility:InstantiateRemoveAllNonAnimationComponents (UnityEngine.Object,UnityEngine.Vector3,UnityEngine.Quaternion)
UnityEditor.EditorUtility:InstantiateForAnimatorPreview (UnityEngine.Object)
UnityEditor.GameObjectInspector/PreviewData:UpdateGameObject (UnityEngine.Object)
UnityEditor.GameObjectInspector/PreviewData:.ctor (UnityEngine.Object)
UnityEditor.GameObjectInspector:GetPreviewData ()
UnityEditor.GameObjectInspector:RenderStaticPreview (string,UnityEngine.Object[],int,int)
UnityEditor.AssetPreviewUpdater:CreatePreviewForAsset (UnityEngine.Object,UnityEngine.Object[],string)

[C:\buildslave\unity\build\Editor/Src/Animation/StateMachine.cpp line 1847]

Asset 'CharacterAnimator': Transition 'Sigh -> Movement' in state 'Sigh' doesn't have an Exit Time or any condition, transition will be ignored
UnityEngine.StackTraceUtility:ExtractStackTrace ()
UnityEditor.EditorUtility:Internal_InstantiateRemoveAllNonAnimationComponentsSingle (UnityEngine.Object,UnityEngine.Vector3,UnityEngine.Quaternion)
UnityEditor.EditorUtility:InstantiateRemoveAllNonAnimationComponents (UnityEngine.Object,UnityEngine.Vector3,UnityEngine.Quaternion)
UnityEditor.EditorUtility:InstantiateForAnimatorPreview (UnityEngine.Object)
UnityEditor.GameObjectInspector/PreviewData:UpdateGameObject (UnityEngine.Object)
UnityEditor.GameObjectInspector/PreviewData:.ctor (UnityEngine.Object)
UnityEditor.GameObjectInspector:GetPreviewData ()
UnityEditor.GameObjectInspector:RenderStaticPreview (string,UnityEngine.Object[],int,int)
UnityEditor.AssetPreviewUpdater:CreatePreviewForAsset (UnityEngine.Object,UnityEngine.Object[],string)

[C:\buildslave\unity\build\Editor/Src/Animation/StateMachine.cpp line 1847]

 -> (artifact id: 'a416a5873df9fea357d40920944837b6') in 1.132238 seconds
  Import took 1.147056 seconds .

========================================================================
Received Import Request.
  Time since last request: 0.026741 seconds.
  path: Assets/download (1) 1.jpeg
  artifactKey: Guid(b86b613b1f075ae45aec7f062f8de90e) Importer(815301076,1909f56bfc062723c751e8b465ee728b)
Start importing Assets/download (1) 1.jpeg using Guid(b86b613b1f075ae45aec7f062f8de90e) Importer(815301076,1909f56bfc062723c751e8b465ee728b)  -> (artifact id: 'fcbbf10f7ed8a64c098474d9a3798c37') in 0.215026 seconds
  Import took 0.223047 seconds .

========================================================================
Received Import Request.
  Time since last request: 0.000820 seconds.
  path: Assets/Enemy.prefab
  artifactKey: Guid(79e713992750ed84691c105660336e1d) Importer(815301076,1909f56bfc062723c751e8b465ee728b)
Start importing Assets/Enemy.prefab using Guid(79e713992750ed84691c105660336e1d) Importer(815301076,1909f56bfc062723c751e8b465ee728b)  -> (artifact id: '4f71121f3bb39c9c24dd90f80182bfb7') in 0.227409 seconds
  Import took 0.236392 seconds .

========================================================================
Received Import Request.
  Time since last request: 0.001506 seconds.
  path: Assets/download 1.jpeg
  artifactKey: Guid(b257247100929224cbe67e4395bf5288) Importer(815301076,1909f56bfc062723c751e8b465ee728b)
Start importing Assets/download 1.jpeg using Guid(b257247100929224cbe67e4395bf5288) Importer(815301076,1909f56bfc062723c751e8b465ee728b)  -> (artifact id: '18697365141db850a155ed00774af588') in 0.109923 seconds
  Import took 0.120814 seconds .

========================================================================
Received Import Request.
  Time since last request: 0.001086 seconds.
  path: Assets/download (1).jpeg
  artifactKey: Guid(0bca0e6a4030d0142a25673f7fcb9bc6) Importer(815301076,1909f56bfc062723c751e8b465ee728b)
Start importing Assets/download (1).jpeg using Guid(0bca0e6a4030d0142a25673f7fcb9bc6) Importer(815301076,1909f56bfc062723c751e8b465ee728b)  -> (artifact id: 'ed2d6b06cd1e7796a3fc92e74f6e94c2') in 0.048877 seconds
  Import took 0.066095 seconds .

========================================================================
Received Import Request.
  Time since last request: 0.000191 seconds.
  path: Assets/Imagine Dragons - Radioactive.mp3
  artifactKey: Guid(9d8df8ac8dc2f8347be1d1b456f652d0) Importer(815301076,1909f56bfc062723c751e8b465ee728b)
Start importing Assets/Imagine Dragons - Radioactive.mp3 using Guid(9d8df8ac8dc2f8347be1d1b456f652d0) Importer(815301076,1909f56bfc062723c751e8b465ee728b)  -> (artifact id: '2a0f36f7341cc8280d9a87dc9f6277ae') in 0.441073 seconds
  Import took 0.456171 seconds .

========================================================================
Received Import Request.
  Time since last request: 0.001374 seconds.
  path: Assets/newBlue 1.prefab
  artifactKey: Guid(b08caad41f08c1240bdcc85467c993e4) Importer(815301076,1909f56bfc062723c751e8b465ee728b)
Start importing Assets/newBlue 1.prefab using Guid(b08caad41f08c1240bdcc85467c993e4) Importer(815301076,1909f56bfc062723c751e8b465ee728b)  -> (artifact id: '6dd7d4f8a7784ae9d0afa4bc7e0b260c') in 0.456087 seconds
  Import took 0.464317 seconds .

========================================================================
Received Import Request.
  Time since last request: 0.000861 seconds.
  path: Assets/Scripts/Camera2.cs
  artifactKey: Guid(01d924c3632c0244484a3f5fee650de8) Importer(815301076,1909f56bfc062723c751e8b465ee728b)
Start importing Assets/Scripts/Camera2.cs using Guid(01d924c3632c0244484a3f5fee650de8) Importer(815301076,1909f56bfc062723c751e8b465ee728b)  -> (artifact id: 'b533e2119cc8d6d1ef7169d7b4bd7637') in 0.143024 seconds
  Import took 0.151853 seconds .

========================================================================
Received Import Request.
  Time since last request: 0.002393 seconds.
  path: Assets/New Terrain.asset
  artifactKey: Guid(60ae6bf1fecca6e4290b9c341ef50642) Importer(815301076,1909f56bfc062723c751e8b465ee728b)
Start importing Assets/New Terrain.asset using Guid(60ae6bf1fecca6e4290b9c341ef50642) Importer(815301076,1909f56bfc062723c751e8b465ee728b)  -> (artifact id: '9b3a510fbd3d007322c1f248d058ce96') in 0.352739 seconds
  Import took 0.364575 seconds .

========================================================================
Received Import Request.
  Time since last request: 0.000935 seconds.
  path: Assets/bullet 1.blend
  artifactKey: Guid(289da9a4a7023214bb4a557dde573959) Importer(815301076,1909f56bfc062723c751e8b465ee728b)
Start importing Assets/bullet 1.blend using Guid(289da9a4a7023214bb4a557dde573959) Importer(815301076,1909f56bfc062723c751e8b465ee728b)  -> (artifact id: 'cc4508d9bda834e9da209bd15e8368a3') in 0.212282 seconds
  Import took 0.219369 seconds .

========================================================================
Received Import Request.
  Time since last request: 0.000672 seconds.
  path: Assets/download.jpeg
  artifactKey: Guid(5b0ffbfd335f5074db8781c86f4788d0) Importer(815301076,1909f56bfc062723c751e8b465ee728b)
Start importing Assets/download.jpeg using Guid(5b0ffbfd335f5074db8781c86f4788d0) Importer(815301076,1909f56bfc062723c751e8b465ee728b)  -> (artifact id: 'e3225b0f16c840f6455b6ece386cc9db') in 0.017141 seconds
  Import took 0.024546 seconds .

========================================================================
Received Import Request.
  Time since last request: 0.000938 seconds.
  path: Assets/bridge.blend
  artifactKey: Guid(18393f9112bfe404598bb50557a17f4a) Importer(815301076,1909f56bfc062723c751e8b465ee728b)
Start importing Assets/bridge.blend using Guid(18393f9112bfe404598bb50557a17f4a) Importer(815301076,1909f56bfc062723c751e8b465ee728b)  -> (artifact id: 'b7bb1d51f6f7366b07fec02ad76ca946') in 0.137975 seconds
  Import took 0.187896 seconds .

========================================================================
Received Import Request.
  Time since last request: 0.109507 seconds.
  path: Assets/download (2).jpeg
  artifactKey: Guid(5da6c18f17070814da73679eb72285d2) Importer(815301076,1909f56bfc062723c751e8b465ee728b)
Start importing Assets/download (2).jpeg using Guid(5da6c18f17070814da73679eb72285d2) Importer(815301076,1909f56bfc062723c751e8b465ee728b)  -> (artifact id: 'd15c1ceead11dee9adabe8a4791b303a') in 0.026686 seconds
  Import took 0.035479 seconds .

========================================================================
Received Import Request.
  Time since last request: 0.000796 seconds.
  path: Assets/darker.jpeg
  artifactKey: Guid(29e3a0778ae858c4d85eee10a1867eed) Importer(815301076,1909f56bfc062723c751e8b465ee728b)
Start importing Assets/darker.jpeg using Guid(29e3a0778ae858c4d85eee10a1867eed) Importer(815301076,1909f56bfc062723c751e8b465ee728b)  -> (artifact id: 'ab329f0090c4c80ee448f031752e07ec') in 0.111393 seconds
  Import took 0.120261 seconds .

========================================================================
Received Import Request.
  Time since last request: 0.064207 seconds.
  path: Assets/hp.blend
  artifactKey: Guid(3697e232cd98eea4388ed16c3d7a3015) Importer(815301076,1909f56bfc062723c751e8b465ee728b)
Start importing Assets/hp.blend using Guid(3697e232cd98eea4388ed16c3d7a3015) Importer(815301076,1909f56bfc062723c751e8b465ee728b)  -> (artifact id: 'd853e2b2f3fa873f23a23ad720922efa') in 0.069216 seconds
  Import took 0.085380 seconds .

========================================================================
Received Import Request.
  Time since last request: 0.001988 seconds.
  path: Assets/newRed 1.prefab
  artifactKey: Guid(08764130535dde7449555493d1a3ec55) Importer(815301076,1909f56bfc062723c751e8b465ee728b)
Start importing Assets/newRed 1.prefab using Guid(08764130535dde7449555493d1a3ec55) Importer(815301076,1909f56bfc062723c751e8b465ee728b)  -> (artifact id: '43bd8ccfd930b79c77576f16738e03fe') in 0.046241 seconds
  Import took 0.058915 seconds .

AssetImportWorkerClient::OnTransportError - code=2 error=End of file
